<?xml version="1.0" encoding="UTF-8"?>
<!-- Generated by org.testng.reporters.JUnitReportReporter -->
<testsuite skipped="0" hostname="XIT-IND-LAP05" name="mavenlink.linkedin.homepage" tests="1" failures="0" timestamp="15 Jul 2018 10:41:31 GMT" time="0.048" errors="0">
  <testcase name="basepagenavigation" time="0.048" classname="mavenlink.linkedin.homepage"/>
</testsuite> <!-- mavenlink.linkedin.homepage -->
